<?xml version="1.0" encoding="UTF-8"?>
<!-- Generated by org.testng.reporters.JUnitXMLReporter -->
<testsuite ignored="1" hostname="DESKTOP-FSPHPC9" failures="0" tests="6" name="Test" time="0.12" errors="0" timestamp="2021-01-20T12:13:10 SAST">
  <testcase classname="Kalluri.Maheshbabu.SrinivasaraoTest" name="grandSon" time="0.011"/>
  <testcase classname="Kalluri.Maheshbabu.SrinivasaraoTest" name="smallSon" time="0.032"/>
  <testcase classname="Kalluri.Maheshbabu.SrinivasaraoTest" name="son" time="0.001"/>
  <testcase classname="Kalluri.Maheshbabu.SrinivasaraoTest" name="wife" time="0.002"/>
  <testcase classname="Kalluri.Maheshbabu.NagarajuTest" name="wife" time="0.006"/>
  <testcase classname="Kalluri.Maheshbabu.NagarajuTest" name="son" time="0.003"/>
  <testcase classname="Kalluri.Maheshbabu.SrinivasaraoTest" name="secondSon" time="0.0">
    <ignored/>
  </testcase> <!-- secondSon -->
</testsuite> <!-- Test -->
