<?xml version="1.0" encoding="UTF-8"?>
<!-- Generated by org.testng.reporters.JUnitXMLReporter -->
<testsuite ignored="4" hostname="DESKTOP-FSPHPC9" failures="0" tests="3" name="Test" time="0.045" errors="0" timestamp="20 Jan 2021 16:03:26 GMT">
  <testcase classname="Kalluri.Maheshbabu.SrinivasaraoTest" name="wife" time="0.014"/>
  <testcase classname="Kalluri.Maheshbabu.NagarajuTest" name="wife" time="0.0"/>
  <testcase classname="Kalluri.Maheshbabu.NagarajuTest" name="son" time="0.001"/>
  <testcase classname="Kalluri.Maheshbabu.SrinivasaraoTest" name="smallSon" time="0.0">
    <ignored/>
  </testcase> <!-- smallSon -->
  <testcase classname="Kalluri.Maheshbabu.SrinivasaraoTest" name="son" time="0.0">
    <ignored/>
  </testcase> <!-- son -->
  <testcase classname="Kalluri.Maheshbabu.SrinivasaraoTest" name="grandSon" time="0.0">
    <ignored/>
  </testcase> <!-- grandSon -->
  <testcase classname="Kalluri.Maheshbabu.SrinivasaraoTest" name="secondSon" time="0.0">
    <ignored/>
  </testcase> <!-- secondSon -->
</testsuite> <!-- Test -->
