<?xml version="1.0" encoding="UTF-8"?>
<testsuite xmlns:xsi="http://www.w3.org/2001/XMLSchema-instance" xsi:noNamespaceSchemaLocation="https://maven.apache.org/surefire/maven-surefire-plugin/xsd/surefire-test-report-3.0.xsd" version="3.0" name="TestSuite" time="3.937" tests="3" errors="0" skipped="0" failures="0">
  <properties>
[...]
</properties>
  <testcase name="wife" classname="Kalluri.Maheshbabu.SrinivasaraoTest" time="0.003">
    <system-out><![CDATA[[TestNGContentHandler] [WARN] It is strongly recommended to add "<!DOCTYPE suite SYSTEM "http://testng.org/testng-1.0.dtd" >" at the top of your file, otherwise TestNG may fail or not work as expected.
Nirmala
]]></system-out>
  </testcase>
  <testcase name="wife" classname="Kalluri.Maheshbabu.NagarajuTest" time="0">
    <system-out><![CDATA[Aparna
]]></system-out>
  </testcase>
  <testcase name="son" classname="Kalluri.Maheshbabu.NagarajuTest" time="0.001">
    <system-out><![CDATA[Devansh
]]></system-out>
  </testcase>
</testsuite>