<?xml version="1.0" encoding="UTF-8"?>
<testng-results ignored="1" total="7" passed="6" failed="0" skipped="0">
  <reporter-output>
  </reporter-output>
  <suite started-at="2021-01-20T12:13:10 SAST" name="Suite" finished-at="2021-01-20T12:13:10 SAST" duration-ms="120">
    <groups>
    </groups>
    <test started-at="2021-01-20T12:13:10 SAST" name="Test" finished-at="2021-01-20T12:13:10 SAST" duration-ms="120">
      <class name="Kalluri.Maheshbabu.SrinivasaraoTest">
        <test-method signature="grandSon()[pri:0, instance:Kalluri.Maheshbabu.SrinivasaraoTest@37f1104d]" started-at="2021-01-20T12:13:10 SAST" name="grandSon" finished-at="2021-01-20T12:13:10 SAST" duration-ms="11" status="PASS">
          <reporter-output>
          </reporter-output>
        </test-method> <!-- grandSon -->
        <test-method signature="smallSon()[pri:0, instance:Kalluri.Maheshbabu.SrinivasaraoTest@37f1104d]" started-at="2021-01-20T12:13:10 SAST" name="smallSon" finished-at="2021-01-20T12:13:10 SAST" duration-ms="32" status="PASS">
          <reporter-output>
          </reporter-output>
        </test-method> <!-- smallSon -->
        <test-method signature="son()[pri:0, instance:Kalluri.Maheshbabu.SrinivasaraoTest@37f1104d]" started-at="2021-01-20T12:13:10 SAST" name="son" finished-at="2021-01-20T12:13:10 SAST" duration-ms="1" status="PASS">
          <reporter-output>
          </reporter-output>
        </test-method> <!-- son -->
        <test-method signature="wife()[pri:0, instance:Kalluri.Maheshbabu.SrinivasaraoTest@37f1104d]" started-at="2021-01-20T12:13:10 SAST" name="wife" finished-at="2021-01-20T12:13:10 SAST" duration-ms="2" status="PASS">
          <reporter-output>
          </reporter-output>
        </test-method> <!-- wife -->
      </class> <!-- Kalluri.Maheshbabu.SrinivasaraoTest -->
      <class name="Kalluri.Maheshbabu.NagarajuTest">
        <test-method signature="wife()[pri:0, instance:Kalluri.Maheshbabu.NagarajuTest@55740540]" started-at="2021-01-20T12:13:10 SAST" name="wife" finished-at="2021-01-20T12:13:10 SAST" duration-ms="6" status="PASS">
          <reporter-output>
          </reporter-output>
        </test-method> <!-- wife -->
        <test-method signature="son()[pri:0, instance:Kalluri.Maheshbabu.NagarajuTest@55740540]" started-at="2021-01-20T12:13:10 SAST" name="son" finished-at="2021-01-20T12:13:10 SAST" depends-on-methods="Kalluri.Maheshbabu.NagarajuTest.wife" duration-ms="3" status="PASS">
          <reporter-output>
          </reporter-output>
        </test-method> <!-- son -->
      </class> <!-- Kalluri.Maheshbabu.NagarajuTest -->
    </test> <!-- Test -->
  </suite> <!-- Suite -->
</testng-results>
